<?xml version="1.0" encoding="UTF-8"?>
<!-- Generated by org.testng.reporters.JUnitXMLReporter -->
<testsuite hostname="DESKTOP-U4I4R8J" name="Test" tests="1" failures="1" timestamp="30 Jun 2018 19:41:17 GMT" time="0.665" errors="0">
  <testcase name="createUserTest" time="0.648" classname="com.STAF.TestScripts.User_Test">
    <failure type="java.lang.NullPointerException">
      <![CDATA[java.lang.NullPointerException
	at com.STAF.GenericLib.Excel_Lib.getExcelData(Excel_Lib.java:35)
	at com.STAF.TestScripts.User_Test.createUserTest(User_Test.java:23)
... Removed 24 stack frames]]>
    </failure>
  </testcase> <!-- createUserTest -->
</testsuite> <!-- Test -->
